<?xml version="1.0" encoding="UTF-8"?>
<!-- Generated by org.testng.reporters.JUnitReportReporter -->
<testsuite skipped="0" hostname="LAPTOP-UJ85GF3T" name="piyush.maven_java.WebTest" tests="2" failures="0" timestamp="01 Feb 2021 09:44:43 GMT" time="0.000" errors="0">
  <testcase name="WebPage" time="0.000" classname="piyush.maven_java.WebTest"/>
  <testcase name="WebPageOnMobile" time="0.000" classname="piyush.maven_java.WebTest"/>
</testsuite> <!-- piyush.maven_java.WebTest -->
